{"C:\\Users\\thomasmuller\\Documents\\projects\\jackscript-js\\dist\\coordinate.js": {"path":"C:\\Users\\thomasmuller\\Documents\\projects\\jackscript-js\\dist\\coordinate.js","statementMap":{"0":{"start":{"line":2,"column":0},"end":{"line":2,"column":62}},"1":{"start":{"line":3,"column":0},"end":{"line":3,"column":42}},"2":{"start":{"line":5,"column":4},"end":{"line":7,"column":5}},"3":{"start":{"line":6,"column":8},"end":{"line":6,"column":21}},"4":{"start":{"line":8,"column":22},"end":{"line":8,"column":52}},"5":{"start":{"line":9,"column":4},"end":{"line":9,"column":62}},"6":{"start":{"line":12,"column":4},"end":{"line":17,"column":5}},"7":{"start":{"line":13,"column":8},"end":{"line":13,"column":46}},"8":{"start":{"line":16,"column":8},"end":{"line":16,"column":36}}},"fnMap":{"0":{"name":"isCoordinateSet","decl":{"start":{"line":4,"column":9},"end":{"line":4,"column":24}},"loc":{"start":{"line":4,"column":35},"end":{"line":10,"column":1}},"line":4},"1":{"name":"checkRelationType","decl":{"start":{"line":11,"column":9},"end":{"line":11,"column":26}},"loc":{"start":{"line":11,"column":37},"end":{"line":18,"column":1}},"line":11}},"branchMap":{"0":{"loc":{"start":{"line":5,"column":4},"end":{"line":7,"column":5}},"type":"if","locations":[{"start":{"line":5,"column":4},"end":{"line":7,"column":5}},{"start":{},"end":{}}],"line":5},"1":{"loc":{"start":{"line":9,"column":11},"end":{"line":9,"column":61}},"type":"binary-expr","locations":[{"start":{"line":9,"column":11},"end":{"line":9,"column":35}},{"start":{"line":9,"column":39},"end":{"line":9,"column":61}}],"line":9},"2":{"loc":{"start":{"line":12,"column":4},"end":{"line":17,"column":5}},"type":"if","locations":[{"start":{"line":12,"column":4},"end":{"line":17,"column":5}},{"start":{"line":15,"column":9},"end":{"line":17,"column":5}}],"line":12}},"s":{"0":1,"1":1,"2":0,"3":0,"4":0,"5":0,"6":0,"7":0,"8":0},"f":{"0":0,"1":0},"b":{"0":[0,0],"1":[0,0],"2":[0,0]},"inputSourceMap":null,"_coverageSchema":"1a1c01bbd47fc00a2c39e90264f33305004495a9","hash":"0d0d9861ce42f0c07a21064347c101d6e84bb92d"}
,"C:\\Users\\thomasmuller\\Documents\\projects\\jackscript-js\\dist\\functions.js": {"path":"C:\\Users\\thomasmuller\\Documents\\projects\\jackscript-js\\dist\\functions.js","statementMap":{"0":{"start":{"line":3,"column":0},"end":{"line":3,"column":62}},"1":{"start":{"line":4,"column":0},"end":{"line":4,"column":52}},"2":{"start":{"line":5,"column":21},"end":{"line":5,"column":44}},"3":{"start":{"line":10,"column":19},"end":{"line":15,"column":1}},"4":{"start":{"line":11,"column":4},"end":{"line":13,"column":5}},"5":{"start":{"line":12,"column":8},"end":{"line":12,"column":58}},"6":{"start":{"line":14,"column":4},"end":{"line":14,"column":16}},"7":{"start":{"line":16,"column":0},"end":{"line":16,"column":32}},"8":{"start":{"line":19,"column":8},"end":{"line":19,"column":35}},"9":{"start":{"line":20,"column":8},"end":{"line":20,"column":87}},"10":{"start":{"line":23,"column":8},"end":{"line":23,"column":32}},"11":{"start":{"line":26,"column":8},"end":{"line":28,"column":11}},"12":{"start":{"line":27,"column":12},"end":{"line":27,"column":40}},"13":{"start":{"line":29,"column":8},"end":{"line":29,"column":20}},"14":{"start":{"line":32,"column":8},"end":{"line":32,"column":33}},"15":{"start":{"line":35,"column":21},"end":{"line":35,"column":26}},"16":{"start":{"line":36,"column":8},"end":{"line":38,"column":11}},"17":{"start":{"line":37,"column":12},"end":{"line":37,"column":52}},"18":{"start":{"line":39,"column":8},"end":{"line":39,"column":22}},"19":{"start":{"line":42,"column":8},"end":{"line":42,"column":54}},"20":{"start":{"line":45,"column":8},"end":{"line":45,"column":43}},"21":{"start":{"line":49,"column":8},"end":{"line":49,"column":69}},"22":{"start":{"line":58,"column":8},"end":{"line":58,"column":37}},"23":{"start":{"line":61,"column":8},"end":{"line":61,"column":51}},"24":{"start":{"line":64,"column":8},"end":{"line":64,"column":42}},"25":{"start":{"line":67,"column":8},"end":{"line":67,"column":39}},"26":{"start":{"line":70,"column":8},"end":{"line":70,"column":41}},"27":{"start":{"line":75,"column":8},"end":{"line":77,"column":9}},"28":{"start":{"line":76,"column":12},"end":{"line":76,"column":24}},"29":{"start":{"line":79,"column":24},"end":{"line":79,"column":43}},"30":{"start":{"line":81,"column":8},"end":{"line":86,"column":11}},"31":{"start":{"line":82,"column":12},"end":{"line":85,"column":15}},"32":{"start":{"line":83,"column":16},"end":{"line":83,"column":33}},"33":{"start":{"line":84,"column":16},"end":{"line":84,"column":39}},"34":{"start":{"line":87,"column":8},"end":{"line":87,"column":25}},"35":{"start":{"line":90,"column":8},"end":{"line":92,"column":9}},"36":{"start":{"line":91,"column":12},"end":{"line":91,"column":30}},"37":{"start":{"line":95,"column":23},"end":{"line":95,"column":42}},"38":{"start":{"line":96,"column":8},"end":{"line":100,"column":9}},"39":{"start":{"line":97,"column":12},"end":{"line":99,"column":13}},"40":{"start":{"line":98,"column":16},"end":{"line":98,"column":33}},"41":{"start":{"line":101,"column":8},"end":{"line":101,"column":22}},"42":{"start":{"line":104,"column":23},"end":{"line":104,"column":46}},"43":{"start":{"line":105,"column":8},"end":{"line":107,"column":9}},"44":{"start":{"line":106,"column":12},"end":{"line":106,"column":29}},"45":{"start":{"line":108,"column":8},"end":{"line":108,"column":22}},"46":{"start":{"line":111,"column":21},"end":{"line":111,"column":30}},"47":{"start":{"line":112,"column":8},"end":{"line":114,"column":9}},"48":{"start":{"line":113,"column":12},"end":{"line":113,"column":32}},"49":{"start":{"line":115,"column":8},"end":{"line":115,"column":22}},"50":{"start":{"line":118,"column":21},"end":{"line":118,"column":30}},"51":{"start":{"line":119,"column":8},"end":{"line":121,"column":9}},"52":{"start":{"line":120,"column":12},"end":{"line":120,"column":32}},"53":{"start":{"line":122,"column":8},"end":{"line":122,"column":22}},"54":{"start":{"line":126,"column":8},"end":{"line":130,"column":9}},"55":{"start":{"line":127,"column":12},"end":{"line":129,"column":13}},"56":{"start":{"line":128,"column":16},"end":{"line":128,"column":29}},"57":{"start":{"line":131,"column":8},"end":{"line":131,"column":20}},"58":{"start":{"line":135,"column":8},"end":{"line":139,"column":9}},"59":{"start":{"line":136,"column":12},"end":{"line":138,"column":13}},"60":{"start":{"line":137,"column":16},"end":{"line":137,"column":29}},"61":{"start":{"line":140,"column":8},"end":{"line":140,"column":20}},"62":{"start":{"line":144,"column":17},"end":{"line":144,"column":44}},"63":{"start":{"line":145,"column":20},"end":{"line":145,"column":29}},"64":{"start":{"line":146,"column":8},"end":{"line":155,"column":9}},"65":{"start":{"line":147,"column":12},"end":{"line":147,"column":42}},"66":{"start":{"line":148,"column":12},"end":{"line":154,"column":13}},"67":{"start":{"line":149,"column":16},"end":{"line":149,"column":55}},"68":{"start":{"line":150,"column":16},"end":{"line":150,"column":107}},"69":{"start":{"line":151,"column":16},"end":{"line":151,"column":160}},"70":{"start":{"line":153,"column":16},"end":{"line":153,"column":29}},"71":{"start":{"line":156,"column":8},"end":{"line":156,"column":20}},"72":{"start":{"line":160,"column":8},"end":{"line":165,"column":9}},"73":{"start":{"line":161,"column":12},"end":{"line":161,"column":42}},"74":{"start":{"line":162,"column":12},"end":{"line":164,"column":13}},"75":{"start":{"line":163,"column":16},"end":{"line":163,"column":29}},"76":{"start":{"line":166,"column":8},"end":{"line":166,"column":20}},"77":{"start":{"line":169,"column":8},"end":{"line":169,"column":20}},"78":{"start":{"line":172,"column":8},"end":{"line":172,"column":20}},"79":{"start":{"line":175,"column":8},"end":{"line":175,"column":20}},"80":{"start":{"line":178,"column":0},"end":{"line":178,"column":38}},"81":{"start":{"line":179,"column":0},"end":{"line":179,"column":24}}},"fnMap":{"0":{"name":"(anonymous_0)","decl":{"start":{"line":10,"column":19},"end":{"line":10,"column":20}},"loc":{"start":{"line":10,"column":31},"end":{"line":15,"column":1}},"line":10},"1":{"name":"(anonymous_1)","decl":{"start":{"line":18,"column":4},"end":{"line":18,"column":5}},"loc":{"start":{"line":18,"column":24},"end":{"line":21,"column":5}},"line":18},"2":{"name":"(anonymous_2)","decl":{"start":{"line":22,"column":4},"end":{"line":22,"column":5}},"loc":{"start":{"line":22,"column":18},"end":{"line":24,"column":5}},"line":22},"3":{"name":"(anonymous_3)","decl":{"start":{"line":25,"column":4},"end":{"line":25,"column":5}},"loc":{"start":{"line":25,"column":18},"end":{"line":30,"column":5}},"line":25},"4":{"name":"(anonymous_4)","decl":{"start":{"line":26,"column":22},"end":{"line":26,"column":23}},"loc":{"start":{"line":26,"column":33},"end":{"line":28,"column":9}},"line":26},"5":{"name":"(anonymous_5)","decl":{"start":{"line":31,"column":4},"end":{"line":31,"column":5}},"loc":{"start":{"line":31,"column":12},"end":{"line":33,"column":5}},"line":31},"6":{"name":"(anonymous_6)","decl":{"start":{"line":34,"column":4},"end":{"line":34,"column":5}},"loc":{"start":{"line":34,"column":21},"end":{"line":40,"column":5}},"line":34},"7":{"name":"(anonymous_7)","decl":{"start":{"line":36,"column":22},"end":{"line":36,"column":23}},"loc":{"start":{"line":36,"column":33},"end":{"line":38,"column":9}},"line":36},"8":{"name":"(anonymous_8)","decl":{"start":{"line":41,"column":4},"end":{"line":41,"column":5}},"loc":{"start":{"line":41,"column":33},"end":{"line":43,"column":5}},"line":41},"9":{"name":"(anonymous_9)","decl":{"start":{"line":44,"column":4},"end":{"line":44,"column":5}},"loc":{"start":{"line":44,"column":15},"end":{"line":46,"column":5}},"line":44},"10":{"name":"(anonymous_10)","decl":{"start":{"line":48,"column":4},"end":{"line":48,"column":5}},"loc":{"start":{"line":48,"column":16},"end":{"line":56,"column":5}},"line":48},"11":{"name":"(anonymous_11)","decl":{"start":{"line":57,"column":4},"end":{"line":57,"column":5}},"loc":{"start":{"line":57,"column":15},"end":{"line":59,"column":5}},"line":57},"12":{"name":"(anonymous_12)","decl":{"start":{"line":60,"column":4},"end":{"line":60,"column":5}},"loc":{"start":{"line":60,"column":24},"end":{"line":62,"column":5}},"line":60},"13":{"name":"(anonymous_13)","decl":{"start":{"line":63,"column":4},"end":{"line":63,"column":5}},"loc":{"start":{"line":63,"column":14},"end":{"line":65,"column":5}},"line":63},"14":{"name":"(anonymous_14)","decl":{"start":{"line":66,"column":4},"end":{"line":66,"column":5}},"loc":{"start":{"line":66,"column":11},"end":{"line":68,"column":5}},"line":66},"15":{"name":"(anonymous_15)","decl":{"start":{"line":69,"column":4},"end":{"line":69,"column":5}},"loc":{"start":{"line":69,"column":13},"end":{"line":71,"column":5}},"line":69},"16":{"name":"(anonymous_16)","decl":{"start":{"line":73,"column":4},"end":{"line":73,"column":5}},"loc":{"start":{"line":73,"column":28},"end":{"line":88,"column":5}},"line":73},"17":{"name":"(anonymous_17)","decl":{"start":{"line":81,"column":21},"end":{"line":81,"column":22}},"loc":{"start":{"line":81,"column":28},"end":{"line":86,"column":9}},"line":81},"18":{"name":"(anonymous_18)","decl":{"start":{"line":82,"column":27},"end":{"line":82,"column":28}},"loc":{"start":{"line":82,"column":34},"end":{"line":85,"column":13}},"line":82},"19":{"name":"(anonymous_19)","decl":{"start":{"line":89,"column":4},"end":{"line":89,"column":5}},"loc":{"start":{"line":89,"column":12},"end":{"line":93,"column":5}},"line":89},"20":{"name":"(anonymous_20)","decl":{"start":{"line":94,"column":4},"end":{"line":94,"column":5}},"loc":{"start":{"line":94,"column":33},"end":{"line":102,"column":5}},"line":94},"21":{"name":"(anonymous_21)","decl":{"start":{"line":103,"column":4},"end":{"line":103,"column":5}},"loc":{"start":{"line":103,"column":29},"end":{"line":109,"column":5}},"line":103},"22":{"name":"(anonymous_22)","decl":{"start":{"line":110,"column":4},"end":{"line":110,"column":5}},"loc":{"start":{"line":110,"column":26},"end":{"line":116,"column":5}},"line":110},"23":{"name":"(anonymous_23)","decl":{"start":{"line":117,"column":4},"end":{"line":117,"column":5}},"loc":{"start":{"line":117,"column":25},"end":{"line":123,"column":5}},"line":117},"24":{"name":"(anonymous_24)","decl":{"start":{"line":125,"column":4},"end":{"line":125,"column":5}},"loc":{"start":{"line":125,"column":23},"end":{"line":132,"column":5}},"line":125},"25":{"name":"(anonymous_25)","decl":{"start":{"line":134,"column":4},"end":{"line":134,"column":5}},"loc":{"start":{"line":134,"column":25},"end":{"line":141,"column":5}},"line":134},"26":{"name":"(anonymous_26)","decl":{"start":{"line":142,"column":4},"end":{"line":142,"column":5}},"loc":{"start":{"line":142,"column":24},"end":{"line":157,"column":5}},"line":142},"27":{"name":"(anonymous_27)","decl":{"start":{"line":158,"column":4},"end":{"line":158,"column":5}},"loc":{"start":{"line":158,"column":26},"end":{"line":167,"column":5}},"line":158},"28":{"name":"(anonymous_28)","decl":{"start":{"line":168,"column":4},"end":{"line":168,"column":5}},"loc":{"start":{"line":168,"column":24},"end":{"line":170,"column":5}},"line":168},"29":{"name":"(anonymous_29)","decl":{"start":{"line":171,"column":4},"end":{"line":171,"column":5}},"loc":{"start":{"line":171,"column":28},"end":{"line":173,"column":5}},"line":171},"30":{"name":"(anonymous_30)","decl":{"start":{"line":174,"column":4},"end":{"line":174,"column":5}},"loc":{"start":{"line":174,"column":25},"end":{"line":176,"column":5}},"line":174}},"branchMap":{"0":{"loc":{"start":{"line":11,"column":4},"end":{"line":13,"column":5}},"type":"if","locations":[{"start":{"line":11,"column":4},"end":{"line":13,"column":5}},{"start":{},"end":{}}],"line":11},"1":{"loc":{"start":{"line":20,"column":35},"end":{"line":20,"column":85}},"type":"cond-expr","locations":[{"start":{"line":20,"column":74},"end":{"line":20,"column":80}},{"start":{"line":20,"column":83},"end":{"line":20,"column":85}}],"line":20},"2":{"loc":{"start":{"line":20,"column":35},"end":{"line":20,"column":71}},"type":"binary-expr","locations":[{"start":{"line":20,"column":35},"end":{"line":20,"column":50}},{"start":{"line":20,"column":54},"end":{"line":20,"column":71}}],"line":20},"3":{"loc":{"start":{"line":49,"column":15},"end":{"line":49,"column":68}},"type":"cond-expr","locations":[{"start":{"line":49,"column":56},"end":{"line":49,"column":60}},{"start":{"line":49,"column":63},"end":{"line":49,"column":68}}],"line":49},"4":{"loc":{"start":{"line":75,"column":8},"end":{"line":77,"column":9}},"type":"if","locations":[{"start":{"line":75,"column":8},"end":{"line":77,"column":9}},{"start":{},"end":{}}],"line":75},"5":{"loc":{"start":{"line":97,"column":12},"end":{"line":99,"column":13}},"type":"if","locations":[{"start":{"line":97,"column":12},"end":{"line":99,"column":13}},{"start":{},"end":{}}],"line":97},"6":{"loc":{"start":{"line":127,"column":12},"end":{"line":129,"column":13}},"type":"if","locations":[{"start":{"line":127,"column":12},"end":{"line":129,"column":13}},{"start":{},"end":{}}],"line":127},"7":{"loc":{"start":{"line":136,"column":12},"end":{"line":138,"column":13}},"type":"if","locations":[{"start":{"line":136,"column":12},"end":{"line":138,"column":13}},{"start":{},"end":{}}],"line":136},"8":{"loc":{"start":{"line":148,"column":12},"end":{"line":154,"column":13}},"type":"if","locations":[{"start":{"line":148,"column":12},"end":{"line":154,"column":13}},{"start":{},"end":{}}],"line":148},"9":{"loc":{"start":{"line":162,"column":12},"end":{"line":164,"column":13}},"type":"if","locations":[{"start":{"line":162,"column":12},"end":{"line":164,"column":13}},{"start":{},"end":{}}],"line":162}},"s":{"0":1,"1":1,"2":1,"3":1,"4":0,"5":0,"6":0,"7":1,"8":96,"9":96,"10":0,"11":20,"12":36,"13":20,"14":0,"15":2,"16":2,"17":4,"18":2,"19":0,"20":19,"21":0,"22":22,"23":21,"24":0,"25":0,"26":0,"27":0,"28":0,"29":0,"30":0,"31":0,"32":0,"33":0,"34":0,"35":0,"36":0,"37":3,"38":3,"39":18,"40":7,"41":3,"42":2,"43":2,"44":6,"45":2,"46":0,"47":0,"48":0,"49":0,"50":0,"51":0,"52":0,"53":0,"54":4,"55":17,"56":2,"57":2,"58":4,"59":15,"60":3,"61":1,"62":0,"63":0,"64":0,"65":0,"66":0,"67":0,"68":0,"69":0,"70":0,"71":0,"72":0,"73":0,"74":0,"75":0,"76":0,"77":0,"78":0,"79":0,"80":1,"81":1},"f":{"0":0,"1":96,"2":0,"3":20,"4":36,"5":0,"6":2,"7":4,"8":0,"9":19,"10":0,"11":22,"12":21,"13":0,"14":0,"15":0,"16":0,"17":0,"18":0,"19":0,"20":3,"21":2,"22":0,"23":0,"24":4,"25":4,"26":0,"27":0,"28":0,"29":0,"30":0},"b":{"0":[0,0],"1":[88,8],"2":[96,96],"3":[0,0],"4":[0,0],"5":[7,11],"6":[2,15],"7":[3,12],"8":[0,0],"9":[0,0]},"inputSourceMap":null,"_coverageSchema":"1a1c01bbd47fc00a2c39e90264f33305004495a9","hash":"40d9d6ebce8cb38d977852a076574382ffb70ce2"}
,"C:\\Users\\thomasmuller\\Documents\\projects\\jackscript-js\\src\\functions.ts": {"path":"C:\\Users\\thomasmuller\\Documents\\projects\\jackscript-js\\src\\functions.ts","statementMap":{"0":{"start":{"line":11,"column":19},"end":{"line":16,"column":1}},"1":{"start":{"line":12,"column":1},"end":{"line":14,"column":2}},"2":{"start":{"line":13,"column":2},"end":{"line":13,"column":52}},"3":{"start":{"line":15,"column":1},"end":{"line":15,"column":13}},"4":{"start":{"line":217,"column":9},"end":{"line":217,"column":19}},"5":{"start":{"line":90,"column":4},"end":{"line":90,"column":51}},"6":{"start":{"line":22,"column":8},"end":{"line":22,"column":49}},"7":{"start":{"line":26,"column":2},"end":{"line":26,"column":26}},"8":{"start":{"line":31,"column":2},"end":{"line":33,"column":null}},"9":{"start":{"line":32,"column":3},"end":{"line":32,"column":31}},"10":{"start":{"line":34,"column":8},"end":{"line":34,"column":20}},"11":{"start":{"line":38,"column":8},"end":{"line":38,"column":33}},"12":{"start":{"line":42,"column":24},"end":{"line":42,"column":29}},"13":{"start":{"line":43,"column":2},"end":{"line":45,"column":null}},"14":{"start":{"line":44,"column":3},"end":{"line":44,"column":43}},"15":{"start":{"line":46,"column":8},"end":{"line":46,"column":22}},"16":{"start":{"line":50,"column":8},"end":{"line":50,"column":54}},"17":{"start":{"line":54,"column":8},"end":{"line":54,"column":43}},"18":{"start":{"line":71,"column":8},"end":{"line":71,"column":37}},"19":{"start":{"line":75,"column":8},"end":{"line":75,"column":51}},"20":{"start":{"line":79,"column":8},"end":{"line":79,"column":42}},"21":{"start":{"line":83,"column":8},"end":{"line":83,"column":39}},"22":{"start":{"line":87,"column":8},"end":{"line":87,"column":41}},"23":{"start":{"line":95,"column":2},"end":{"line":97,"column":3}},"24":{"start":{"line":96,"column":3},"end":{"line":96,"column":15}},"25":{"start":{"line":99,"column":18},"end":{"line":99,"column":55}},"26":{"start":{"line":102,"column":2},"end":{"line":107,"column":5}},"27":{"start":{"line":103,"column":3},"end":{"line":106,"column":6}},"28":{"start":{"line":104,"column":4},"end":{"line":104,"column":23}},"29":{"start":{"line":105,"column":4},"end":{"line":105,"column":27}},"30":{"start":{"line":108,"column":2},"end":{"line":108,"column":19}},"31":{"start":{"line":112,"column":2},"end":{"line":114,"column":3}},"32":{"start":{"line":113,"column":3},"end":{"line":113,"column":21}},"33":{"start":{"line":118,"column":17},"end":{"line":118,"column":39}},"34":{"start":{"line":119,"column":2},"end":{"line":123,"column":3}},"35":{"start":{"line":120,"column":3},"end":{"line":122,"column":4}},"36":{"start":{"line":121,"column":4},"end":{"line":121,"column":21}},"37":{"start":{"line":124,"column":2},"end":{"line":124,"column":16}},"38":{"start":{"line":128,"column":17},"end":{"line":128,"column":43}},"39":{"start":{"line":129,"column":2},"end":{"line":131,"column":3}},"40":{"start":{"line":130,"column":3},"end":{"line":130,"column":20}},"41":{"start":{"line":132,"column":2},"end":{"line":132,"column":16}},"42":{"start":{"line":136,"column":15},"end":{"line":136,"column":27}},"43":{"start":{"line":137,"column":2},"end":{"line":139,"column":3}},"44":{"start":{"line":138,"column":3},"end":{"line":138,"column":23}},"45":{"start":{"line":140,"column":2},"end":{"line":140,"column":16}},"46":{"start":{"line":144,"column":15},"end":{"line":144,"column":27}},"47":{"start":{"line":145,"column":2},"end":{"line":147,"column":3}},"48":{"start":{"line":146,"column":3},"end":{"line":146,"column":23}},"49":{"start":{"line":148,"column":2},"end":{"line":148,"column":16}},"50":{"start":{"line":153,"column":2},"end":{"line":157,"column":3}},"51":{"start":{"line":154,"column":3},"end":{"line":156,"column":4}},"52":{"start":{"line":155,"column":4},"end":{"line":155,"column":17}},"53":{"start":{"line":158,"column":2},"end":{"line":158,"column":14}},"54":{"start":{"line":162,"column":2},"end":{"line":166,"column":3}},"55":{"start":{"line":163,"column":3},"end":{"line":165,"column":4}},"56":{"start":{"line":164,"column":4},"end":{"line":164,"column":17}},"57":{"start":{"line":167,"column":2},"end":{"line":167,"column":14}},"58":{"start":{"line":173,"column":11},"end":{"line":173,"column":38}},"59":{"start":{"line":174,"column":14},"end":{"line":174,"column":23}},"60":{"start":{"line":176,"column":2},"end":{"line":187,"column":3}},"61":{"start":{"line":177,"column":3},"end":{"line":177,"column":33}},"62":{"start":{"line":179,"column":3},"end":{"line":186,"column":4}},"63":{"start":{"line":180,"column":4},"end":{"line":180,"column":43}},"64":{"start":{"line":181,"column":4},"end":{"line":181,"column":95}},"65":{"start":{"line":182,"column":4},"end":{"line":182,"column":144}},"66":{"start":{"line":185,"column":4},"end":{"line":185,"column":17}},"67":{"start":{"line":188,"column":2},"end":{"line":188,"column":14}},"68":{"start":{"line":194,"column":2},"end":{"line":200,"column":3}},"69":{"start":{"line":195,"column":3},"end":{"line":195,"column":33}},"70":{"start":{"line":197,"column":3},"end":{"line":199,"column":4}},"71":{"start":{"line":198,"column":4},"end":{"line":198,"column":17}},"72":{"start":{"line":201,"column":2},"end":{"line":201,"column":14}},"73":{"start":{"line":205,"column":2},"end":{"line":205,"column":14}},"74":{"start":{"line":209,"column":2},"end":{"line":209,"column":14}},"75":{"start":{"line":213,"column":2},"end":{"line":213,"column":14}},"76":{"start":{"line":217,"column":21},"end":{"line":217,"column":34}},"77":{"start":{"line":90,"column":5},"end":{"line":90,"column":24}}},"fnMap":{"0":{"name":"(anonymous_0)","decl":{"start":{"line":11,"column":19},"end":{"line":11,"column":23}},"loc":{"start":{"line":11,"column":49},"end":{"line":16,"column":1}}},"1":{"name":"(anonymous_1)","decl":{"start":{"line":21,"column":4},"end":{"line":21,"column":16}},"loc":{"start":{"line":21,"column":43},"end":{"line":23,"column":5}}},"2":{"name":"(anonymous_2)","decl":{"start":{"line":25,"column":1},"end":{"line":25,"column":12}},"loc":{"start":{"line":25,"column":12},"end":{"line":27,"column":2}}},"3":{"name":"(anonymous_3)","decl":{"start":{"line":29,"column":4},"end":{"line":29,"column":7}},"loc":{"start":{"line":29,"column":21},"end":{"line":35,"column":5}}},"4":{"name":"(anonymous_4)","decl":{"start":{"line":31,"column":16},"end":{"line":31,"column":17}},"loc":{"start":{"line":31,"column":28},"end":{"line":33,"column":3}}},"5":{"name":"(anonymous_5)","decl":{"start":{"line":37,"column":4},"end":{"line":37,"column":9}},"loc":{"start":{"line":37,"column":9},"end":{"line":39,"column":5}}},"6":{"name":"(anonymous_6)","decl":{"start":{"line":41,"column":4},"end":{"line":41,"column":10}},"loc":{"start":{"line":41,"column":24},"end":{"line":47,"column":5}}},"7":{"name":"(anonymous_7)","decl":{"start":{"line":43,"column":16},"end":{"line":43,"column":17}},"loc":{"start":{"line":43,"column":28},"end":{"line":45,"column":3}}},"8":{"name":"(anonymous_8)","decl":{"start":{"line":49,"column":4},"end":{"line":49,"column":11}},"loc":{"start":{"line":49,"column":81},"end":{"line":51,"column":5}}},"9":{"name":"(anonymous_9)","decl":{"start":{"line":53,"column":4},"end":{"line":53,"column":7}},"loc":{"start":{"line":53,"column":16},"end":{"line":55,"column":5}}},"10":{"name":"(anonymous_10)","decl":{"start":{"line":70,"column":4},"end":{"line":70,"column":8}},"loc":{"start":{"line":70,"column":12},"end":{"line":72,"column":5}}},"11":{"name":"(anonymous_11)","decl":{"start":{"line":74,"column":4},"end":{"line":74,"column":5}},"loc":{"start":{"line":74,"column":21},"end":{"line":76,"column":5}}},"12":{"name":"(anonymous_12)","decl":{"start":{"line":78,"column":4},"end":{"line":78,"column":11}},"loc":{"start":{"line":78,"column":11},"end":{"line":80,"column":5}}},"13":{"name":"(anonymous_13)","decl":{"start":{"line":82,"column":4},"end":{"line":82,"column":8}},"loc":{"start":{"line":82,"column":8},"end":{"line":84,"column":5}}},"14":{"name":"(anonymous_14)","decl":{"start":{"line":86,"column":4},"end":{"line":86,"column":10}},"loc":{"start":{"line":86,"column":10},"end":{"line":88,"column":5}}},"15":{"name":"(anonymous_15)","decl":{"start":{"line":93,"column":1},"end":{"line":93,"column":16}},"loc":{"start":{"line":93,"column":34},"end":{"line":109,"column":2}}},"16":{"name":"(anonymous_16)","decl":{"start":{"line":102,"column":15},"end":{"line":102,"column":16}},"loc":{"start":{"line":102,"column":24},"end":{"line":107,"column":3}}},"17":{"name":"(anonymous_17)","decl":{"start":{"line":103,"column":18},"end":{"line":103,"column":19}},"loc":{"start":{"line":103,"column":27},"end":{"line":106,"column":4}}},"18":{"name":"(anonymous_18)","decl":{"start":{"line":111,"column":1},"end":{"line":111,"column":6}},"loc":{"start":{"line":111,"column":6},"end":{"line":115,"column":2}}},"19":{"name":"(anonymous_19)","decl":{"start":{"line":117,"column":1},"end":{"line":117,"column":7}},"loc":{"start":{"line":117,"column":47},"end":{"line":125,"column":2}}},"20":{"name":"(anonymous_20)","decl":{"start":{"line":127,"column":1},"end":{"line":127,"column":7}},"loc":{"start":{"line":127,"column":43},"end":{"line":133,"column":2}}},"21":{"name":"(anonymous_21)","decl":{"start":{"line":135,"column":1},"end":{"line":135,"column":7}},"loc":{"start":{"line":135,"column":42},"end":{"line":141,"column":2}}},"22":{"name":"(anonymous_22)","decl":{"start":{"line":143,"column":1},"end":{"line":143,"column":7}},"loc":{"start":{"line":143,"column":41},"end":{"line":149,"column":2}}},"23":{"name":"(anonymous_23)","decl":{"start":{"line":152,"column":1},"end":{"line":152,"column":11}},"loc":{"start":{"line":152,"column":36},"end":{"line":159,"column":2}}},"24":{"name":"(anonymous_24)","decl":{"start":{"line":161,"column":1},"end":{"line":161,"column":13}},"loc":{"start":{"line":161,"column":38},"end":{"line":168,"column":2}}},"25":{"name":"(anonymous_25)","decl":{"start":{"line":170,"column":1},"end":{"line":170,"column":12}},"loc":{"start":{"line":170,"column":54},"end":{"line":189,"column":2}}},"26":{"name":"(anonymous_26)","decl":{"start":{"line":191,"column":1},"end":{"line":191,"column":14}},"loc":{"start":{"line":191,"column":56},"end":{"line":202,"column":2}}},"27":{"name":"(anonymous_27)","decl":{"start":{"line":204,"column":1},"end":{"line":204,"column":12}},"loc":{"start":{"line":204,"column":37},"end":{"line":206,"column":2}}},"28":{"name":"(anonymous_28)","decl":{"start":{"line":208,"column":1},"end":{"line":208,"column":16}},"loc":{"start":{"line":208,"column":41},"end":{"line":210,"column":2}}},"29":{"name":"(anonymous_29)","decl":{"start":{"line":212,"column":1},"end":{"line":212,"column":13}},"loc":{"start":{"line":212,"column":38},"end":{"line":214,"column":2}}}},"branchMap":{"0":{"loc":{"start":{"line":12,"column":1},"end":{"line":14,"column":2}},"type":"if","locations":[{"start":{"line":12,"column":1},"end":{"line":14,"column":2}}]},"1":{"loc":{"start":{"line":22,"column":35},"end":{"line":22,"column":47}},"type":"cond-expr","locations":[{"start":{"line":22,"column":35},"end":{"line":22,"column":41}},{"start":{"line":22,"column":45},"end":{"line":22,"column":47}}]},"2":{"loc":{"start":{"line":22,"column":35},"end":{"line":22,"column":45}},"type":"binary-expr","locations":[{"start":{"line":22,"column":35},"end":{"line":22,"column":45}},{"start":{"line":22,"column":35},"end":{"line":22,"column":45}}]},"3":{"loc":{"start":{"line":95,"column":2},"end":{"line":97,"column":3}},"type":"if","locations":[{"start":{"line":95,"column":2},"end":{"line":97,"column":3}}]},"4":{"loc":{"start":{"line":120,"column":3},"end":{"line":122,"column":4}},"type":"if","locations":[{"start":{"line":120,"column":3},"end":{"line":122,"column":4}}]},"5":{"loc":{"start":{"line":154,"column":3},"end":{"line":156,"column":4}},"type":"if","locations":[{"start":{"line":154,"column":3},"end":{"line":156,"column":4}}]},"6":{"loc":{"start":{"line":163,"column":3},"end":{"line":165,"column":4}},"type":"if","locations":[{"start":{"line":163,"column":3},"end":{"line":165,"column":4}}]},"7":{"loc":{"start":{"line":179,"column":3},"end":{"line":186,"column":4}},"type":"if","locations":[{"start":{"line":179,"column":3},"end":{"line":186,"column":4}}]},"8":{"loc":{"start":{"line":197,"column":3},"end":{"line":199,"column":4}},"type":"if","locations":[{"start":{"line":197,"column":3},"end":{"line":199,"column":4}}]}},"s":{"0":1,"1":0,"2":0,"3":0,"4":1,"5":96,"6":96,"7":0,"8":20,"9":36,"10":20,"11":0,"12":2,"13":2,"14":4,"15":2,"16":0,"17":19,"18":22,"19":21,"20":0,"21":0,"22":0,"23":0,"24":0,"25":0,"26":0,"27":0,"28":0,"29":0,"30":0,"31":0,"32":0,"33":3,"34":3,"35":18,"36":7,"37":3,"38":2,"39":2,"40":6,"41":2,"42":0,"43":0,"44":0,"45":0,"46":0,"47":0,"48":0,"49":0,"50":4,"51":17,"52":2,"53":2,"54":4,"55":15,"56":3,"57":1,"58":0,"59":0,"60":0,"61":0,"62":0,"63":0,"64":0,"65":0,"66":0,"67":0,"68":0,"69":0,"70":0,"71":0,"72":0,"73":0,"74":0,"75":0,"76":1,"77":1},"f":{"0":0,"1":96,"2":0,"3":20,"4":36,"5":0,"6":2,"7":4,"8":0,"9":19,"10":22,"11":21,"12":0,"13":0,"14":0,"15":0,"16":0,"17":0,"18":0,"19":3,"20":2,"21":0,"22":0,"23":4,"24":4,"25":0,"26":0,"27":0,"28":0,"29":0},"b":{"0":[0],"1":[88,8],"2":[96,96],"3":[0],"4":[7],"5":[2],"6":[3],"7":[0],"8":[0]}}
}
