TN:
SF:dist\coordinate.js
FN:4,isCoordinateSet
FN:11,checkRelationType
FNF:2
FNH:0
FNDA:0,isCoordinateSet
FNDA:0,checkRelationType
DA:2,1
DA:3,1
DA:5,0
DA:6,0
DA:8,0
DA:9,0
DA:12,0
DA:13,0
DA:16,0
LF:9
LH:2
BRDA:5,0,0,0
BRDA:5,0,1,0
BRDA:9,1,0,0
BRDA:9,1,1,0
BRDA:12,2,0,0
BRDA:12,2,1,0
BRF:6
BRH:0
end_of_record
TN:
SF:dist\functions.js
FN:10,(anonymous_0)
FN:18,(anonymous_1)
FN:22,(anonymous_2)
FN:25,(anonymous_3)
FN:26,(anonymous_4)
FN:31,(anonymous_5)
FN:34,(anonymous_6)
FN:36,(anonymous_7)
FN:41,(anonymous_8)
FN:44,(anonymous_9)
FN:48,(anonymous_10)
FN:57,(anonymous_11)
FN:60,(anonymous_12)
FN:63,(anonymous_13)
FN:66,(anonymous_14)
FN:69,(anonymous_15)
FN:73,(anonymous_16)
FN:81,(anonymous_17)
FN:82,(anonymous_18)
FN:89,(anonymous_19)
FN:94,(anonymous_20)
FN:103,(anonymous_21)
FN:110,(anonymous_22)
FN:117,(anonymous_23)
FN:125,(anonymous_24)
FN:134,(anonymous_25)
FN:142,(anonymous_26)
FN:158,(anonymous_27)
FN:168,(anonymous_28)
FN:171,(anonymous_29)
FN:174,(anonymous_30)
FNF:31
FNH:12
FNDA:0,(anonymous_0)
FNDA:96,(anonymous_1)
FNDA:0,(anonymous_2)
FNDA:20,(anonymous_3)
FNDA:36,(anonymous_4)
FNDA:0,(anonymous_5)
FNDA:2,(anonymous_6)
FNDA:4,(anonymous_7)
FNDA:0,(anonymous_8)
FNDA:19,(anonymous_9)
FNDA:0,(anonymous_10)
FNDA:22,(anonymous_11)
FNDA:21,(anonymous_12)
FNDA:0,(anonymous_13)
FNDA:0,(anonymous_14)
FNDA:0,(anonymous_15)
FNDA:0,(anonymous_16)
FNDA:0,(anonymous_17)
FNDA:0,(anonymous_18)
FNDA:0,(anonymous_19)
FNDA:3,(anonymous_20)
FNDA:2,(anonymous_21)
FNDA:0,(anonymous_22)
FNDA:0,(anonymous_23)
FNDA:4,(anonymous_24)
FNDA:4,(anonymous_25)
FNDA:0,(anonymous_26)
FNDA:0,(anonymous_27)
FNDA:0,(anonymous_28)
FNDA:0,(anonymous_29)
FNDA:0,(anonymous_30)
DA:3,1
DA:4,1
DA:5,1
DA:10,1
DA:11,0
DA:12,0
DA:14,0
DA:16,1
DA:19,96
DA:20,96
DA:23,0
DA:26,20
DA:27,36
DA:29,20
DA:32,0
DA:35,2
DA:36,2
DA:37,4
DA:39,2
DA:42,0
DA:45,19
DA:49,0
DA:58,22
DA:61,21
DA:64,0
DA:67,0
DA:70,0
DA:75,0
DA:76,0
DA:79,0
DA:81,0
DA:82,0
DA:83,0
DA:84,0
DA:87,0
DA:90,0
DA:91,0
DA:95,3
DA:96,3
DA:97,18
DA:98,7
DA:101,3
DA:104,2
DA:105,2
DA:106,6
DA:108,2
DA:111,0
DA:112,0
DA:113,0
DA:115,0
DA:118,0
DA:119,0
DA:120,0
DA:122,0
DA:126,4
DA:127,17
DA:128,2
DA:131,2
DA:135,4
DA:136,15
DA:137,3
DA:140,1
DA:144,0
DA:145,0
DA:146,0
DA:147,0
DA:148,0
DA:149,0
DA:150,0
DA:151,0
DA:153,0
DA:156,0
DA:160,0
DA:161,0
DA:162,0
DA:163,0
DA:166,0
DA:169,0
DA:172,0
DA:175,0
DA:178,1
DA:179,1
LF:82
LH:36
BRDA:11,0,0,0
BRDA:11,0,1,0
BRDA:20,1,0,88
BRDA:20,1,1,8
BRDA:20,2,0,96
BRDA:20,2,1,96
BRDA:49,3,0,0
BRDA:49,3,1,0
BRDA:75,4,0,0
BRDA:75,4,1,0
BRDA:97,5,0,7
BRDA:97,5,1,11
BRDA:127,6,0,2
BRDA:127,6,1,15
BRDA:136,7,0,3
BRDA:136,7,1,12
BRDA:148,8,0,0
BRDA:148,8,1,0
BRDA:162,9,0,0
BRDA:162,9,1,0
BRF:20
BRH:10
end_of_record
TN:
SF:src\functions.ts
FN:11,(anonymous_0)
FN:21,(anonymous_1)
FN:25,(anonymous_2)
FN:29,(anonymous_3)
FN:31,(anonymous_4)
FN:37,(anonymous_5)
FN:41,(anonymous_6)
FN:43,(anonymous_7)
FN:49,(anonymous_8)
FN:53,(anonymous_9)
FN:70,(anonymous_10)
FN:74,(anonymous_11)
FN:78,(anonymous_12)
FN:82,(anonymous_13)
FN:86,(anonymous_14)
FN:93,(anonymous_15)
FN:102,(anonymous_16)
FN:103,(anonymous_17)
FN:111,(anonymous_18)
FN:117,(anonymous_19)
FN:127,(anonymous_20)
FN:135,(anonymous_21)
FN:143,(anonymous_22)
FN:152,(anonymous_23)
FN:161,(anonymous_24)
FN:170,(anonymous_25)
FN:191,(anonymous_26)
FN:204,(anonymous_27)
FN:208,(anonymous_28)
FN:212,(anonymous_29)
FNF:30
FNH:12
FNDA:0,(anonymous_0)
FNDA:96,(anonymous_1)
FNDA:0,(anonymous_2)
FNDA:20,(anonymous_3)
FNDA:36,(anonymous_4)
FNDA:0,(anonymous_5)
FNDA:2,(anonymous_6)
FNDA:4,(anonymous_7)
FNDA:0,(anonymous_8)
FNDA:19,(anonymous_9)
FNDA:22,(anonymous_10)
FNDA:21,(anonymous_11)
FNDA:0,(anonymous_12)
FNDA:0,(anonymous_13)
FNDA:0,(anonymous_14)
FNDA:0,(anonymous_15)
FNDA:0,(anonymous_16)
FNDA:0,(anonymous_17)
FNDA:0,(anonymous_18)
FNDA:3,(anonymous_19)
FNDA:2,(anonymous_20)
FNDA:0,(anonymous_21)
FNDA:0,(anonymous_22)
FNDA:4,(anonymous_23)
FNDA:4,(anonymous_24)
FNDA:0,(anonymous_25)
FNDA:0,(anonymous_26)
FNDA:0,(anonymous_27)
FNDA:0,(anonymous_28)
FNDA:0,(anonymous_29)
DA:11,1
DA:12,0
DA:13,0
DA:15,0
DA:22,96
DA:26,0
DA:31,20
DA:32,36
DA:34,20
DA:38,0
DA:42,2
DA:43,2
DA:44,4
DA:46,2
DA:50,0
DA:54,19
DA:71,22
DA:75,21
DA:79,0
DA:83,0
DA:87,0
DA:90,96
DA:95,0
DA:96,0
DA:99,0
DA:102,0
DA:103,0
DA:104,0
DA:105,0
DA:108,0
DA:112,0
DA:113,0
DA:118,3
DA:119,3
DA:120,18
DA:121,7
DA:124,3
DA:128,2
DA:129,2
DA:130,6
DA:132,2
DA:136,0
DA:137,0
DA:138,0
DA:140,0
DA:144,0
DA:145,0
DA:146,0
DA:148,0
DA:153,4
DA:154,17
DA:155,2
DA:158,2
DA:162,4
DA:163,15
DA:164,3
DA:167,1
DA:173,0
DA:174,0
DA:176,0
DA:177,0
DA:179,0
DA:180,0
DA:181,0
DA:182,0
DA:185,0
DA:188,0
DA:194,0
DA:195,0
DA:197,0
DA:198,0
DA:201,0
DA:205,0
DA:209,0
DA:213,0
DA:217,1
LF:76
LH:31
BRDA:12,0,0,0
BRDA:22,1,0,88
BRDA:22,1,1,8
BRDA:22,2,0,96
BRDA:22,2,1,96
BRDA:95,3,0,0
BRDA:120,4,0,7
BRDA:154,5,0,2
BRDA:163,6,0,3
BRDA:179,7,0,0
BRDA:197,8,0,0
BRF:11
BRH:7
end_of_record
